nohup: ignoring input
✓ Redis连接正常
============================================================
RQ Worker 启动中...
============================================================
监听队列:
  - image_analysis (图片分析)
  - answer_generation (答案生成)
  - full_query (完整查询)
============================================================
按 Ctrl+C 停止Worker
============================================================
09:43:47 Worker rag-worker-1: started with PID 30226, version 2.6.1
09:43:47 Worker rag-worker-1: subscribing to channel rq:pubsub:rag-worker-1
09:43:47 *** Listening on image_analysis, answer_generation, full_query...
09:43:47 Acquired scheduler lock for full_query
09:43:47 Acquired scheduler lock for answer_generation
09:43:47 Acquired scheduler lock for image_analysis
09:43:47 Scheduler for full_query, answer_generation, image_analysis started with PID 30246
09:43:47 Worker rag-worker-1: cleaning registries for queue: image_analysis
09:43:48 Worker rag-worker-1: cleaning registries for queue: answer_generation
09:43:48 Worker rag-worker-1: cleaning registries for queue: full_query
09:44:38 Worker rag-worker-1 [PID 30226]: warm shut down requested
09:44:39 Scheduler stopping, releasing locks for image_analysis, answer_generation, full_query...
09:44:39 Scheduler with PID 30246 has stopped
09:44:39 Worker rag-worker-1: unsubscribing from channel rq:pubsub:rag-worker-1
